<?xml version="1.0" encoding="UTF-8"?>
<!-- Generated by org.testng.reporters.JUnitXMLReporter -->
<testsuite hostname="DESKTOP-N939L4S" ignored="0" name="Default test" tests="4" failures="0" timestamp="30 Mar 2020 20:05:35 GMT" time="46.98" errors="0">
  <testcase name="storeAddToCartTest" time="14.241" classname="tests.StoreCartTest"/>
  <testcase name="storeCookieCartTest" time="5.962" classname="tests.StoreCartTest"/>
  <testcase name="storeCartPriceTest" time="6.562" classname="tests.StoreCartTest"/>
  <testcase name="storeCartSubTotalTest" time="8.66" classname="tests.StoreCartTest"/>
</testsuite> <!-- Default test -->
