<?xml version="1.0" encoding="UTF-8"?>
<!-- Generated by org.testng.reporters.JUnitXMLReporter -->
<testsuite hostname="DESKTOP-N939L4S" ignored="0" name="Default test" tests="4" failures="0" timestamp="30 Mar 2020 17:55:49 GMT" time="38.441" errors="0">
  <testcase name="storeAddToCartTest" time="7.625" classname="tests.StoreCartTest"/>
  <testcase name="storeCookieCartTest" time="5.779" classname="tests.StoreCartTest"/>
  <testcase name="storeCartPriceTest" time="6.248" classname="tests.StoreCartTest"/>
  <testcase name="storeCartSubTotalTest" time="8.195" classname="tests.StoreCartTest"/>
</testsuite> <!-- Default test -->
