<?xml version="1.0" encoding="UTF-8"?>
<testng-results skipped="0" failed="0" ignored="0" total="4" passed="4">
  <reporter-output>
  </reporter-output>
  <suite name="Default suite" duration-ms="46980" started-at="2020-03-30T20:04:48Z" finished-at="2020-03-30T20:05:35Z">
    <groups>
    </groups>
    <test name="Default test" duration-ms="46980" started-at="2020-03-30T20:04:48Z" finished-at="2020-03-30T20:05:35Z">
      <class name="tests.StoreCartTest">
        <test-method status="PASS" signature="setup()[pri:0, instance:tests.StoreCartTest@1d057a39]" name="setup" is-config="true" duration-ms="11413" started-at="2020-03-30T20:04:48Z" finished-at="2020-03-30T20:04:59Z">
          <reporter-output>
          </reporter-output>
        </test-method> <!-- setup -->
        <test-method status="PASS" signature="storeAddToCartTest()[pri:1, instance:tests.StoreCartTest@1d057a39]" name="storeAddToCartTest" duration-ms="14241" started-at="2020-03-30T20:04:59Z" finished-at="2020-03-30T20:05:14Z">
          <reporter-output>
          </reporter-output>
        </test-method> <!-- storeAddToCartTest -->
        <test-method status="PASS" signature="storeCookieCartTest()[pri:2, instance:tests.StoreCartTest@1d057a39]" name="storeCookieCartTest" duration-ms="5962" started-at="2020-03-30T20:05:14Z" finished-at="2020-03-30T20:05:20Z">
          <reporter-output>
          </reporter-output>
        </test-method> <!-- storeCookieCartTest -->
        <test-method status="PASS" signature="storeCartPriceTest()[pri:3, instance:tests.StoreCartTest@1d057a39]" name="storeCartPriceTest" duration-ms="6562" started-at="2020-03-30T20:05:20Z" finished-at="2020-03-30T20:05:26Z">
          <reporter-output>
          </reporter-output>
        </test-method> <!-- storeCartPriceTest -->
        <test-method status="PASS" signature="storeCartSubTotalTest()[pri:4, instance:tests.StoreCartTest@1d057a39]" name="storeCartSubTotalTest" duration-ms="8660" started-at="2020-03-30T20:05:26Z" finished-at="2020-03-30T20:05:35Z">
          <reporter-output>
          </reporter-output>
        </test-method> <!-- storeCartSubTotalTest -->
        <test-method status="PASS" signature="afterClass()[pri:0, instance:tests.StoreCartTest@1d057a39]" name="afterClass" is-config="true" duration-ms="112" started-at="2020-03-30T20:05:35Z" finished-at="2020-03-30T20:05:35Z">
          <reporter-output>
          </reporter-output>
        </test-method> <!-- afterClass -->
      </class> <!-- tests.StoreCartTest -->
    </test> <!-- Default test -->
  </suite> <!-- Default suite -->
</testng-results>
