<?xml version="1.0" encoding="UTF-8"?>
<testng-results skipped="0" failed="0" ignored="0" total="1" passed="1">
  <reporter-output>
  </reporter-output>
  <suite name="Pet Store" duration-ms="167377" started-at="2020-03-31T18:04:42Z" finished-at="2020-03-31T18:07:29Z">
    <groups>
    </groups>
    <test name="Pet Store Test" duration-ms="167377" started-at="2020-03-31T18:04:42Z" finished-at="2020-03-31T18:07:29Z">
      <class name="tests.RegistrationTest">
        <test-method status="PASS" signature="setup()[pri:0, instance:tests.RegistrationTest@1d057a39]" name="setup" is-config="true" duration-ms="10980" started-at="2020-03-31T18:04:42Z" finished-at="2020-03-31T18:04:53Z">
          <reporter-output>
          </reporter-output>
        </test-method> <!-- setup -->
        <test-method status="PASS" signature="storeSignInTest()[pri:0, instance:tests.RegistrationTest@1d057a39]" name="storeSignInTest" duration-ms="156247" started-at="2020-03-31T18:04:53Z" finished-at="2020-03-31T18:07:29Z">
          <reporter-output>
          </reporter-output>
        </test-method> <!-- storeSignInTest -->
        <test-method status="PASS" signature="afterClass()[pri:0, instance:tests.RegistrationTest@1d057a39]" name="afterClass" is-config="true" duration-ms="118" started-at="2020-03-31T18:07:29Z" finished-at="2020-03-31T18:07:29Z">
          <reporter-output>
          </reporter-output>
        </test-method> <!-- afterClass -->
      </class> <!-- tests.RegistrationTest -->
    </test> <!-- Pet Store Test -->
  </suite> <!-- Pet Store -->
</testng-results>
